# JRE version: Java(TM) SE Runtime Environment (7.0_80-b15) (build 1.7.0_80-b15)
# Java VM: Java HotSpot(TM) 64-Bit Server VM (24.80-b11 mixed mode linux-amd64 compressed oops)
Heap
 PSYoungGen      total 1367040K, used 823093K [0x00000007aaa80000, 0x0000000800000000, 0x0000000800000000)
  eden space 1334272K, 60% used [0x00000007aaa80000,0x00000007dc220240,0x00000007fc180000)
  from space 32768K, 38% used [0x00000007fe000000,0x00000007fec2d438,0x0000000800000000)
  to   space 31232K, 0% used [0x00000007fc180000,0x00000007fc180000,0x00000007fe000000)
 ParOldGen       total 2796544K, used 2209894K [0x00000006fff80000, 0x00000007aaa80000, 0x00000007aaa80000)
  object space 2796544K, 79% used [0x00000006fff80000,0x0000000786d99a60,0x00000007aaa80000)
 PSPermGen       total 31744K, used 31470K [0x00000006fad80000, 0x00000006fcc80000, 0x00000006fff80000)
  object space 31744K, 99% used [0x00000006fad80000,0x00000006fcc3b808,0x00000006fcc80000)
GC Heap History (10 events):
Event: 20808.468 GC heap before
{Heap before GC invocations=186 (full 0):
 PSYoungGen      total 1356288K, used 1319260K [0x00000007aaa80000, 0x0000000800000000, 0x0000000800000000)
  eden space 1315840K, 100% used [0x00000007aaa80000,0x00000007faf80000,0x00000007faf80000)
  from space 40448K, 8% used [0x00000007faf80000,0x00000007fb2d72f8,0x00000007fd700000)
  to   space 39424K, 0% used [0x00000007fd980000,0x00000007fd980000,0x0000000800000000)
 ParOldGen       total 2796544K, used 2183039K [0x00000006fff80000, 0x00000007aaa80000, 0x00000007aaa80000)
  object space 2796544K, 78% used [0x00000006fff80000,0x000000078535fe40,0x00000007aaa80000)
 PSPermGen       total 31744K, used 31464K [0x00000006fad80000, 0x00000006fcc80000, 0x00000006fff80000)
  object space 31744K, 99% used [0x00000006fad80000,0x00000006fcc3a380,0x00000006fcc80000)
Event: 20808.486 GC heap after
Heap after GC invocations=186 (full 0):
 PSYoungGen      total 1359872K, used 3869K [0x00000007aaa80000, 0x0000000800000000, 0x0000000800000000)
  eden space 1320448K, 0% used [0x00000007aaa80000,0x00000007aaa80000,0x00000007fb400000)
  from space 39424K, 9% used [0x00000007fd980000,0x00000007fdd47500,0x0000000800000000)
  to   space 38400K, 0% used [0x00000007fb400000,0x00000007fb400000,0x00000007fd980000)
 ParOldGen       total 2796544K, used 2184503K [0x00000006fff80000, 0x00000007aaa80000, 0x00000007aaa80000)
  object space 2796544K, 78% used [0x00000006fff80000,0x00000007854cde40,0x00000007aaa80000)
 PSPermGen       total 31744K, used 31464K [0x00000006fad80000, 0x00000006fcc80000, 0x00000006fff80000)
  object space 31744K, 99% used [0x00000006fad80000,0x00000006fcc3a380,0x00000006fcc80000)
}
Event: 20831.426 GC heap before
{Heap before GC invocations=187 (full 0):
 PSYoungGen      total 1359872K, used 1324317K [0x00000007aaa80000, 0x0000000800000000, 0x0000000800000000)
  eden space 1320448K, 100% used [0x00000007aaa80000,0x00000007fb400000,0x00000007fb400000)
  from space 39424K, 9% used [0x00000007fd980000,0x00000007fdd47500,0x0000000800000000)
  to   space 38400K, 0% used [0x00000007fb400000,0x00000007fb400000,0x00000007fd980000)
 ParOldGen       total 2796544K, used 2184503K [0x00000006fff80000, 0x00000007aaa80000, 0x00000007aaa80000)
  object space 2796544K, 78% used [0x00000006fff80000,0x00000007854cde40,0x00000007aaa80000)
 PSPermGen       total 31744K, used 31464K [0x00000006fad80000, 0x00000006fcc80000, 0x00000006fff80000)
  object space 31744K, 99% used [0x00000006fad80000,0x00000006fcc3a380,0x00000006fcc80000)
Event: 20831.446 GC heap after
Heap after GC invocations=187 (full 0):
 PSYoungGen      total 1358848K, used 8347K [0x00000007aaa80000, 0x0000000800000000, 0x0000000800000000)
  eden space 1320448K, 0% used [0x00000007aaa80000,0x00000007aaa80000,0x00000007fb400000)
  from space 38400K, 21% used [0x00000007fb400000,0x00000007fbc26ea8,0x00000007fd980000)
  to   space 36352K, 0% used [0x00000007fdc80000,0x00000007fdc80000,0x0000000800000000)
 ParOldGen       total 2796544K, used 2187447K [0x00000006fff80000, 0x00000007aaa80000, 0x00000007aaa80000)
  object space 2796544K, 78% used [0x00000006fff80000,0x00000007857ade40,0x00000007aaa80000)
 PSPermGen       total 31744K, used 31464K [0x00000006fad80000, 0x00000006fcc80000, 0x00000006fff80000)
  object space 31744K, 99% used [0x00000006fad80000,0x00000006fcc3a380,0x00000006fcc80000)
}
Event: 20855.226 GC heap before
{Heap before GC invocations=188 (full 0):
 PSYoungGen      total 1358848K, used 1328795K [0x00000007aaa80000, 0x0000000800000000, 0x0000000800000000)
  eden space 1320448K, 100% used [0x00000007aaa80000,0x00000007fb400000,0x00000007fb400000)
  from space 38400K, 21% used [0x00000007fb400000,0x00000007fbc26ea8,0x00000007fd980000)
  to   space 36352K, 0% used [0x00000007fdc80000,0x00000007fdc80000,0x0000000800000000)
 ParOldGen       total 2796544K, used 2187447K [0x00000006fff80000, 0x00000007aaa80000, 0x00000007aaa80000)
  object space 2796544K, 78% used [0x00000006fff80000,0x00000007857ade40,0x00000007aaa80000)
 PSPermGen       total 31744K, used 31464K [0x00000006fad80000, 0x00000006fcc80000, 0x00000006fff80000)
  object space 31744K, 99% used [0x00000006fad80000,0x00000006fcc3a380,0x00000006fcc80000)
Event: 20855.256 GC heap after
Heap after GC invocations=188 (full 0):
 PSYoungGen      total 1363456K, used 8444K [0x00000007aaa80000, 0x0000000800000000, 0x0000000800000000)
  eden space 1327104K, 0% used [0x00000007aaa80000,0x00000007aaa80000,0x00000007fba80000)
  from space 36352K, 23% used [0x00000007fdc80000,0x00000007fe4bf300,0x0000000800000000)
  to   space 34816K, 0% used [0x00000007fba80000,0x00000007fba80000,0x00000007fdc80000)
 ParOldGen       total 2796544K, used 2195103K [0x00000006fff80000, 0x00000007aaa80000, 0x00000007aaa80000)
  object space 2796544K, 78% used [0x00000006fff80000,0x0000000785f27e40,0x00000007aaa80000)
 PSPermGen       total 31744K, used 31464K [0x00000006fad80000, 0x00000006fcc80000, 0x00000006fff80000)
  object space 31744K, 99% used [0x00000006fad80000,0x00000006fcc3a380,0x00000006fcc80000)
}
Event: 20878.584 GC heap before
{Heap before GC invocations=189 (full 0):
 PSYoungGen      total 1363456K, used 1335548K [0x00000007aaa80000, 0x0000000800000000, 0x0000000800000000)
  eden space 1327104K, 100% used [0x00000007aaa80000,0x00000007fba80000,0x00000007fba80000)
  from space 36352K, 23% used [0x00000007fdc80000,0x00000007fe4bf300,0x0000000800000000)
  to   space 34816K, 0% used [0x00000007fba80000,0x00000007fba80000,0x00000007fdc80000)
 ParOldGen       total 2796544K, used 2195103K [0x00000006fff80000, 0x00000007aaa80000, 0x00000007aaa80000)
  object space 2796544K, 78% used [0x00000006fff80000,0x0000000785f27e40,0x00000007aaa80000)
 PSPermGen       total 31744K, used 31466K [0x00000006fad80000, 0x00000006fcc80000, 0x00000006fff80000)
  object space 31744K, 99% used [0x00000006fad80000,0x00000006fcc3ab08,0x00000006fcc80000)
Event: 20878.636 GC heap after
Heap after GC invocations=189 (full 0):
 PSYoungGen      total 1361920K, used 12474K [0x00000007aaa80000, 0x0000000800000000, 0x0000000800000000)
  eden space 1327104K, 0% used [0x00000007aaa80000,0x00000007aaa80000,0x00000007fba80000)
  from space 34816K, 35% used [0x00000007fba80000,0x00000007fc6ae818,0x00000007fdc80000)
  to   space 32768K, 0% used [0x00000007fe000000,0x00000007fe000000,0x0000000800000000)
 ParOldGen       total 2796544K, used 2202254K [0x00000006fff80000, 0x00000007aaa80000, 0x00000007aaa80000)
  object space 2796544K, 78% used [0x00000006fff80000,0x0000000786623a60,0x00000007aaa80000)
 PSPermGen       total 31744K, used 31466K [0x00000006fad80000, 0x00000006fcc80000, 0x00000006fff80000)
  object space 31744K, 99% used [0x00000006fad80000,0x00000006fcc3ab08,0x00000006fcc80000)
}
Event: 20901.440 GC heap before
{Heap before GC invocations=190 (full 0):
 PSYoungGen      total 1361920K, used 1339578K [0x00000007aaa80000, 0x0000000800000000, 0x0000000800000000)
  eden space 1327104K, 100% used [0x00000007aaa80000,0x00000007fba80000,0x00000007fba80000)
  from space 34816K, 35% used [0x00000007fba80000,0x00000007fc6ae818,0x00000007fdc80000)
  to   space 32768K, 0% used [0x00000007fe000000,0x00000007fe000000,0x0000000800000000)
 ParOldGen       total 2796544K, used 2202254K [0x00000006fff80000, 0x00000007aaa80000, 0x00000007aaa80000)
  object space 2796544K, 78% used [0x00000006fff80000,0x0000000786623a60,0x00000007aaa80000)
 PSPermGen       total 31744K, used 31470K [0x00000006fad80000, 0x00000006fcc80000, 0x00000006fff80000)
  object space 31744K, 99% used [0x00000006fad80000,0x00000006fcc3b808,0x00000006fcc80000)
Event: 20901.496 GC heap after
Heap after GC invocations=190 (full 0):
 PSYoungGen      total 1367040K, used 12469K [0x00000007aaa80000, 0x0000000800000000, 0x0000000800000000)
  eden space 1334272K, 0% used [0x00000007aaa80000,0x00000007aaa80000,0x00000007fc180000)
  from space 32768K, 38% used [0x00000007fe000000,0x00000007fec2d438,0x0000000800000000)
  to   space 31232K, 0% used [0x00000007fc180000,0x00000007fc180000,0x00000007fe000000)
 ParOldGen       total 2796544K, used 2209894K [0x00000006fff80000, 0x00000007aaa80000, 0x00000007aaa80000)
  object space 2796544K, 79% used [0x00000006fff80000,0x0000000786d99a60,0x00000007aaa80000)
 PSPermGen       total 31744K, used 31470K [0x00000006fad80000, 0x00000006fcc80000, 0x00000006fff80000)
  object space 31744K, 99% used [0x00000006fad80000,0x00000006fcc3b808,0x00000006fcc80000)
}

