# JRE version: OpenJDK Runtime Environment (8.0_111-b14) (build 1.8.0_111-8u111-b14-3~14.04.1-b14)
# Java VM: OpenJDK 64-Bit Server VM (25.111-b14 mixed mode linux-amd64 compressed oops)
Heap:
 PSYoungGen      total 978432K, used 362367K [0x0000000780180000, 0x00000007c0000000, 0x00000007c0000000)
  eden space 941568K, 34% used [0x0000000780180000,0x0000000793f97dd8,0x00000007b9900000)
  from space 36864K, 99% used [0x00000007b9900000,0x00000007bbcc8000,0x00000007bbd00000)
  to   space 54784K, 0% used [0x00000007bca80000,0x00000007bca80000,0x00000007c0000000)
 ParOldGen       total 2094592K, used 1921144K [0x0000000700400000, 0x0000000780180000, 0x0000000780180000)
  object space 2094592K, 91% used [0x0000000700400000,0x000000077581e040,0x0000000780180000)
 Metaspace       used 41205K, capacity 41724K, committed 42112K, reserved 1087488K
  class space    used 4766K, capacity 4904K, committed 4992K, reserved 1048576K
GC Heap History (10 events):
Event: 1109216.837 GC heap before
{Heap before GC invocations=2400 (full 3):
 PSYoungGen      total 1018880K, used 1011696K [0x0000000780180000, 0x00000007c0000000, 0x00000007c0000000)
  eden space 992768K, 100% used [0x0000000780180000,0x00000007bcb00000,0x00000007bcb00000)
  from space 26112K, 72% used [0x00000007be680000,0x00000007bf8fc010,0x00000007c0000000)
  to   space 27136K, 0% used [0x00000007bcb00000,0x00000007bcb00000,0x00000007be580000)
 ParOldGen       total 2094592K, used 1888122K [0x0000000700400000, 0x0000000780180000, 0x0000000780180000)
  object space 2094592K, 90% used [0x0000000700400000,0x00000007737de8e0,0x0000000780180000)
 Metaspace       used 41203K, capacity 41724K, committed 42112K, reserved 1087488K
  class space    used 4766K, capacity 4904K, committed 4992K, reserved 1048576K
Event: 1109216.859 GC heap after
Heap after GC invocations=2400 (full 3):
 PSYoungGen      total 1019904K, used 27124K [0x0000000780180000, 0x00000007c0000000, 0x00000007c0000000)
  eden space 992768K, 0% used [0x0000000780180000,0x0000000780180000,0x00000007bcb00000)
  from space 27136K, 99% used [0x00000007bcb00000,0x00000007be57d3b8,0x00000007be580000)
  to   space 27136K, 0% used [0x00000007be580000,0x00000007be580000,0x00000007c0000000)
 ParOldGen       total 2094592K, used 1893324K [0x0000000700400000, 0x0000000780180000, 0x0000000780180000)
  object space 2094592K, 90% used [0x0000000700400000,0x0000000773cf3220,0x0000000780180000)
 Metaspace       used 41203K, capacity 41724K, committed 42112K, reserved 1087488K
  class space    used 4766K, capacity 4904K, committed 4992K, reserved 1048576K
}
Event: 1109253.764 GC heap before
{Heap before GC invocations=2401 (full 3):
 PSYoungGen      total 1019904K, used 1019892K [0x0000000780180000, 0x00000007c0000000, 0x00000007c0000000)
  eden space 992768K, 100% used [0x0000000780180000,0x00000007bcb00000,0x00000007bcb00000)
  from space 27136K, 99% used [0x00000007bcb00000,0x00000007be57d3b8,0x00000007be580000)
  to   space 27136K, 0% used [0x00000007be580000,0x00000007be580000,0x00000007c0000000)
 ParOldGen       total 2094592K, used 1893324K [0x0000000700400000, 0x0000000780180000, 0x0000000780180000)
  object space 2094592K, 90% used [0x0000000700400000,0x0000000773cf3220,0x0000000780180000)
 Metaspace       used 41203K, capacity 41724K, committed 42112K, reserved 1087488K
  class space    used 4766K, capacity 4904K, committed 4992K, reserved 1048576K
Event: 1109253.809 GC heap after
Heap after GC invocations=2401 (full 3):
 PSYoungGen      total 983040K, used 27112K [0x0000000780180000, 0x00000007c0000000, 0x00000007c0000000)
  eden space 955904K, 0% used [0x0000000780180000,0x0000000780180000,0x00000007ba700000)
  from space 27136K, 99% used [0x00000007be580000,0x00000007bfffa170,0x00000007c0000000)
  to   space 45568K, 0% used [0x00000007ba700000,0x00000007ba700000,0x00000007bd380000)
 ParOldGen       total 2094592K, used 1920464K [0x0000000700400000, 0x0000000780180000, 0x0000000780180000)
  object space 2094592K, 91% used [0x0000000700400000,0x0000000775774040,0x0000000780180000)
 Metaspace       used 41203K, capacity 41724K, committed 42112K, reserved 1087488K
  class space    used 4766K, capacity 4904K, committed 4992K, reserved 1048576K
}
Event: 1109378.749 GC heap before
{Heap before GC invocations=2402 (full 3):
 PSYoungGen      total 983040K, used 983016K [0x0000000780180000, 0x00000007c0000000, 0x00000007c0000000)
  eden space 955904K, 100% used [0x0000000780180000,0x00000007ba700000,0x00000007ba700000)
  from space 27136K, 99% used [0x00000007be580000,0x00000007bfffa170,0x00000007c0000000)
  to   space 45568K, 0% used [0x00000007ba700000,0x00000007ba700000,0x00000007bd380000)
 ParOldGen       total 2094592K, used 1920464K [0x0000000700400000, 0x0000000780180000, 0x0000000780180000)
  object space 2094592K, 91% used [0x0000000700400000,0x0000000775774040,0x0000000780180000)
 Metaspace       used 41203K, capacity 41724K, committed 42112K, reserved 1087488K
  class space    used 4766K, capacity 4904K, committed 4992K, reserved 1048576K
Event: 1109378.833 GC heap after
Heap after GC invocations=2402 (full 3):
 PSYoungGen      total 993280K, used 37168K [0x0000000780180000, 0x00000007c0000000, 0x00000007c0000000)
  eden space 955904K, 0% used [0x0000000780180000,0x0000000780180000,0x00000007ba700000)
  from space 37376K, 99% used [0x00000007ba700000,0x00000007bcb4c190,0x00000007bcb80000)
  to   space 49664K, 0% used [0x00000007bcf80000,0x00000007bcf80000,0x00000007c0000000)
 ParOldGen       total 2094592K, used 1921144K [0x0000000700400000, 0x0000000780180000, 0x0000000780180000)
  object space 2094592K, 91% used [0x0000000700400000,0x000000077581e040,0x0000000780180000)
 Metaspace       used 41203K, capacity 41724K, committed 42112K, reserved 1087488K
  class space    used 4766K, capacity 4904K, committed 4992K, reserved 1048576K
}
Event: 1109501.481 GC heap before
{Heap before GC invocations=2403 (full 3):
 PSYoungGen      total 993280K, used 993072K [0x0000000780180000, 0x00000007c0000000, 0x00000007c0000000)
  eden space 955904K, 100% used [0x0000000780180000,0x00000007ba700000,0x00000007ba700000)
  from space 37376K, 99% used [0x00000007ba700000,0x00000007bcb4c190,0x00000007bcb80000)
  to   space 49664K, 0% used [0x00000007bcf80000,0x00000007bcf80000,0x00000007c0000000)
 ParOldGen       total 2094592K, used 1921144K [0x0000000700400000, 0x0000000780180000, 0x0000000780180000)
  object space 2094592K, 91% used [0x0000000700400000,0x000000077581e040,0x0000000780180000)
 Metaspace       used 41203K, capacity 41724K, committed 42112K, reserved 1087488K
  class space    used 4766K, capacity 4904K, committed 4992K, reserved 1048576K
Event: 1109501.527 GC heap after
Heap after GC invocations=2403 (full 3):
 PSYoungGen      total 991232K, used 35788K [0x0000000780180000, 0x00000007c0000000, 0x00000007c0000000)
  eden space 941568K, 0% used [0x0000000780180000,0x0000000780180000,0x00000007b9900000)
  from space 49664K, 72% used [0x00000007bcf80000,0x00000007bf273190,0x00000007c0000000)
  to   space 52736K, 0% used [0x00000007b9900000,0x00000007b9900000,0x00000007bcc80000)
 ParOldGen       total 2094592K, used 1921144K [0x0000000700400000, 0x0000000780180000, 0x0000000780180000)
  object space 2094592K, 91% used [0x0000000700400000,0x000000077581e040,0x0000000780180000)
 Metaspace       used 41203K, capacity 41724K, committed 42112K, reserved 1087488K
  class space    used 4766K, capacity 4904K, committed 4992K, reserved 1048576K
}
Event: 1109630.936 GC heap before
{Heap before GC invocations=2404 (full 3):
 PSYoungGen      total 991232K, used 977356K [0x0000000780180000, 0x00000007c0000000, 0x00000007c0000000)
  eden space 941568K, 100% used [0x0000000780180000,0x00000007b9900000,0x00000007b9900000)
  from space 49664K, 72% used [0x00000007bcf80000,0x00000007bf273190,0x00000007c0000000)
  to   space 52736K, 0% used [0x00000007b9900000,0x00000007b9900000,0x00000007bcc80000)
 ParOldGen       total 2094592K, used 1921144K [0x0000000700400000, 0x0000000780180000, 0x0000000780180000)
  object space 2094592K, 91% used [0x0000000700400000,0x000000077581e040,0x0000000780180000)
 Metaspace       used 41204K, capacity 41724K, committed 42112K, reserved 1087488K
  class space    used 4766K, capacity 4904K, committed 4992K, reserved 1048576K
Event: 1109631.004 GC heap after
Heap after GC invocations=2404 (full 3):
 PSYoungGen      total 978432K, used 36640K [0x0000000780180000, 0x00000007c0000000, 0x00000007c0000000)
  eden space 941568K, 0% used [0x0000000780180000,0x0000000780180000,0x00000007b9900000)
  from space 36864K, 99% used [0x00000007b9900000,0x00000007bbcc8000,0x00000007bbd00000)
  to   space 54784K, 0% used [0x00000007bca80000,0x00000007bca80000,0x00000007c0000000)
 ParOldGen       total 2094592K, used 1921144K [0x0000000700400000, 0x0000000780180000, 0x0000000780180000)
  object space 2094592K, 91% used [0x0000000700400000,0x000000077581e040,0x0000000780180000)
 Metaspace       used 41204K, capacity 41724K, committed 42112K, reserved 1087488K
  class space    used 4766K, capacity 4904K, committed 4992K, reserved 1048576K
}

